C51 COMPILER V9.59.0.0   LED                                                               08/02/2022 14:30:44 PAGE 1   


C51 COMPILER V9.59.0.0, COMPILATION OF MODULE LED
OBJECT MODULE PLACED IN .\Objects\LED.obj
COMPILER INVOKED BY: C:\Keil_v5\C51\BIN\C51.EXE LED.c OPTIMIZE(8,SPEED) BROWSE DEBUG OBJECTEXTEND PRINT(.\Listings\LED.l
                    -st) TABS(2) OBJECT(.\Objects\LED.obj)

line level    source

   1          #include <__STC8H_H__.H>
   2          #include <intrins.h>
   3          
   4          int r=0;        //定义key2
   5          int a=0;        //定义key1
   6          
   7          /*延时函数*/
   8          void Delay200ms()   //@24.000MHz
   9          {
  10   1        unsigned char i, j, k;
  11   1      
  12   1        _nop_();
  13   1        _nop_();
  14   1        i = 25;
  15   1        j = 90;
  16   1        k = 176;
  17   1        do
  18   1        {
  19   2          do
  20   2          {
  21   3            while (--k);
  22   3          } while (--j);
  23   2        } while (--i);
  24   1      }
  25          
  26          void Delay1000ms()    //@24.000MHz
  27          {
  28   1        unsigned char i, j, k;
  29   1      
  30   1        _nop_();
  31   1        _nop_();
  32   1        i = 122;
  33   1        j = 193;
  34   1        k = 128;
  35   1        do
  36   1        {
  37   2          do
  38   2          {
  39   3            while (--k);
  40   3          } while (--j);
  41   2        } while (--i);
  42   1      }
  43          
  44          /*主函数*/
  45          void main()
  46          {
  47   1        P0M1=0X00;    //配置IO口
  48   1        P0M0=0XFF;
  49   1        EA=1;         //总中断打开
  50   1        IT0=1;        //当收到下降沿的信号就会触发外部中断0
  51   1        EX0=1;        //允许外部中断0进行中断
  52   1        IT1=1;
  53   1        EX1=1;
  54   1        
C51 COMPILER V9.59.0.0   LED                                                               08/02/2022 14:30:44 PAGE 2   

  55   1        while(1)
  56   1        {
  57   2          if(r==0)
  58   2          {
  59   3            if(a==0)
  60   3            {
  61   4              P0=~(0X01);
  62   4              Delay200ms();
  63   4              P0=~(0X02);
  64   4              Delay200ms();
  65   4              P0=~(0X04);
  66   4              Delay200ms();
  67   4            }
  68   3            if(a==1)
  69   3            {
  70   4              P0=~(0X01);
  71   4              Delay1000ms();
  72   4              P0=~(0X02);
  73   4              Delay1000ms();
  74   4              P0=~(0X04);
  75   4              Delay1000ms();
  76   4            }
  77   3            if(a==2)
  78   3            {
  79   4              P0=~(0X01);
  80   4              Delay200ms();
  81   4              P0=~(0X02);
  82   4              Delay200ms();
  83   4              P0=~(0X04);
  84   4              Delay200ms();
  85   4            }
  86   3          }
  87   2          if(r==1)
  88   2          {
  89   3            if(a==0)
  90   3            {
  91   4              P0=~(0X01);
  92   4            }
  93   3            if(a==1)
  94   3            {
  95   4              P0=~(0X02);
  96   4            }
  97   3            if(a==2)
  98   3            {
  99   4              P0=~(0X04);
 100   4            }
 101   3          }
 102   2        }
 103   1        if(r==2)
 104   1        {
 105   2          if(a==0)
 106   2          {
 107   3            P0=~(0X01);
 108   3            Delay200ms();
 109   3            P0=~(0X02);
 110   3            Delay200ms();
 111   3            P0=~(0X04);
 112   3            Delay200ms();
 113   3          }
 114   2          if(a==1)
 115   2          {
 116   3            P0=~(0X01);
C51 COMPILER V9.59.0.0   LED                                                               08/02/2022 14:30:44 PAGE 3   

 117   3            Delay1000ms();
 118   3            P0=~(0X02);
 119   3            Delay1000ms();
 120   3            P0=~(0X04);
 121   3            Delay1000ms();
 122   3          }
 123   2          if(a==2)
 124   2          {
 125   3            P0=~(0X01);
 126   3            Delay200ms();
 127   3            P0=~(0X02);
 128   3            Delay200ms();
 129   3            P0=~(0X04);
 130   3            Delay200ms();
 131   3          }
 132   2        }
 133   1      }
 134          
 135          void int0_isr(void) interrupt 0    //key1中断
 136          {
 137   1        a++;
 138   1        if(a>2)
 139   1        {
 140   2          a=0;
 141   2        }
 142   1        while(P32==0);
 143   1      }
 144          
 145          void int1_isr(void) interrupt 2    //key2中断
 146          {
 147   1        r++;
 148   1        if(r>2)
 149   1        {
 150   2          r=0;
 151   2        }
 152   1        while(P33==0);
 153   1      }
*** WARNING C294 IN LINE 103 OF LED.c: unreachable code


MODULE INFORMATION:   STATIC OVERLAYABLE
   CODE SIZE        =    228    ----
   CONSTANT SIZE    =   ----    ----
   XDATA SIZE       =   ----    ----
   PDATA SIZE       =   ----    ----
   DATA SIZE        =      4    ----
   IDATA SIZE       =   ----    ----
   BIT SIZE         =   ----    ----
END OF MODULE INFORMATION.


C51 COMPILATION COMPLETE.  1 WARNING(S),  0 ERROR(S)
